c:\users\ascheuer\desktop\alex stuff\my docs\school\cis-566\finalproject\intotheforest\intotheforest\x64\debug\vc143.pdb
c:\users\ascheuer\desktop\alex stuff\my docs\school\cis-566\finalproject\intotheforest\intotheforest\x64\debug\vc143.idb
c:\users\ascheuer\desktop\alex stuff\my docs\school\cis-566\finalproject\intotheforest\intotheforest\x64\debug\world.obj
c:\users\ascheuer\desktop\alex stuff\my docs\school\cis-566\finalproject\intotheforest\intotheforest\x64\debug\vendor.obj
c:\users\ascheuer\desktop\alex stuff\my docs\school\cis-566\finalproject\intotheforest\intotheforest\x64\debug\tile1c.obj
c:\users\ascheuer\desktop\alex stuff\my docs\school\cis-566\finalproject\intotheforest\intotheforest\x64\debug\tile1b.obj
c:\users\ascheuer\desktop\alex stuff\my docs\school\cis-566\finalproject\intotheforest\intotheforest\x64\debug\tile1a.obj
c:\users\ascheuer\desktop\alex stuff\my docs\school\cis-566\finalproject\intotheforest\intotheforest\x64\debug\startingtile.obj
c:\users\ascheuer\desktop\alex stuff\my docs\school\cis-566\finalproject\intotheforest\intotheforest\x64\debug\player.obj
c:\users\ascheuer\desktop\alex stuff\my docs\school\cis-566\finalproject\intotheforest\intotheforest\x64\debug\logger.obj
c:\users\ascheuer\desktop\alex stuff\my docs\school\cis-566\finalproject\intotheforest\intotheforest\x64\debug\intotheforest.obj
c:\users\ascheuer\desktop\alex stuff\my docs\school\cis-566\finalproject\intotheforest\intotheforest\x64\debug\datamodule.obj
c:\users\ascheuer\desktop\alex stuff\my docs\school\cis-566\finalproject\intotheforest\intotheforest\x64\debug\currenttile.obj
c:\users\ascheuer\desktop\alex stuff\my docs\school\cis-566\finalproject\intotheforest\intotheforest\x64\debug\armorfactory.obj
c:\users\ascheuer\desktop\alex stuff\my docs\school\cis-566\finalproject\intotheforest\x64\debug\intotheforest.exe
c:\users\ascheuer\desktop\alex stuff\my docs\school\cis-566\finalproject\intotheforest\intotheforest\x64\debug\intotheforest.ilk
c:\users\ascheuer\desktop\alex stuff\my docs\school\cis-566\finalproject\intotheforest\x64\debug\intotheforest.pdb
c:\users\ascheuer\desktop\alex stuff\my docs\school\cis-566\finalproject\intotheforest\intotheforest\x64\debug\intotheforest.tlog\cl.command.1.tlog
c:\users\ascheuer\desktop\alex stuff\my docs\school\cis-566\finalproject\intotheforest\intotheforest\x64\debug\intotheforest.tlog\cl.items.tlog
c:\users\ascheuer\desktop\alex stuff\my docs\school\cis-566\finalproject\intotheforest\intotheforest\x64\debug\intotheforest.tlog\cl.read.1.tlog
c:\users\ascheuer\desktop\alex stuff\my docs\school\cis-566\finalproject\intotheforest\intotheforest\x64\debug\intotheforest.tlog\cl.write.1.tlog
c:\users\ascheuer\desktop\alex stuff\my docs\school\cis-566\finalproject\intotheforest\intotheforest\x64\debug\intotheforest.tlog\link.command.1.tlog
c:\users\ascheuer\desktop\alex stuff\my docs\school\cis-566\finalproject\intotheforest\intotheforest\x64\debug\intotheforest.tlog\link.read.1.tlog
c:\users\ascheuer\desktop\alex stuff\my docs\school\cis-566\finalproject\intotheforest\intotheforest\x64\debug\intotheforest.tlog\link.write.1.tlog
