  ArmorFactory.cpp
  Creature.cpp
C:\Users\Alex\Documents\School\CIS-566\finalProject\intoTheForest\intoTheForest\Creature.cpp(18,27): warning C4101: 'e': unreferenced local variable
C:\Users\Alex\Documents\School\CIS-566\finalProject\intoTheForest\intoTheForest\Creature.cpp(31,27): warning C4101: 'e': unreferenced local variable
C:\Users\Alex\Documents\School\CIS-566\finalProject\intoTheForest\intoTheForest\Creature.cpp(44,27): warning C4101: 'e': unreferenced local variable
C:\Users\Alex\Documents\School\CIS-566\finalProject\intoTheForest\intoTheForest\Creature.cpp(59,19): warning C4244: 'initializing': conversion from '_Rep' to 'unsigned int', possible loss of data
          with
          [
              _Rep=std::chrono::system_clock::rep
          ]
  CurrentTile.cpp
  DataModule.cpp
  intoTheForest.cpp
  Logger.cpp
  NonCutes.cpp
  Player.cpp
C:\Users\Alex\Documents\School\CIS-566\finalProject\intoTheForest\intoTheForest\Player.cpp(184,18): warning C4244: 'initializing': conversion from 'float' to 'int', possible loss of data
C:\Users\Alex\Documents\School\CIS-566\finalProject\intoTheForest\intoTheForest\Player.cpp(215,16): warning C4244: 'return': conversion from 'float' to 'int', possible loss of data
C:\Users\Alex\Documents\School\CIS-566\finalProject\intoTheForest\intoTheForest\Player.cpp(223,20): warning C4244: '=': conversion from 'int' to 'float', possible loss of data
  StartingTile.cpp
  Tile1A.cpp
  Tile1B.cpp
  Tile1C.cpp
  Tile2C.cpp
  Vendor.cpp
  World.cpp
  Generating Code...
C:\Users\Alex\Documents\School\CIS-566\finalProject\intoTheForest\intoTheForest\World.cpp(88): warning C4715: 'World::getNavigation': not all control paths return a value
C:\Users\Alex\Documents\School\CIS-566\finalProject\intoTheForest\intoTheForest\World.cpp(61): warning C4715: 'World::getCurrentTileName': not all control paths return a value
C:\Users\Alex\Documents\School\CIS-566\finalProject\intoTheForest\intoTheForest\World.cpp(97): warning C4715: 'World::getNextMove': not all control paths return a value
C:\Users\Alex\Documents\School\CIS-566\finalProject\intoTheForest\intoTheForest\Vendor.cpp(81): warning C4715: 'Vendor::addToInventoryAndReturnSlot': not all control paths return a value
C:\Users\Alex\Documents\School\CIS-566\finalProject\intoTheForest\intoTheForest\Player.cpp(81): warning C4715: 'Player::getNextMove': not all control paths return a value
C:\Users\Alex\Documents\School\CIS-566\finalProject\intoTheForest\intoTheForest\Player.cpp(124): warning C4715: 'Player::addToInventoryAndReturnSlot': not all control paths return a value
C:\Users\Alex\Documents\School\CIS-566\finalProject\intoTheForest\intoTheForest\Player.cpp(172): warning C4715: 'Player::sellItemAndReturnSlot': not all control paths return a value
C:\Users\Alex\Documents\School\CIS-566\finalProject\intoTheForest\intoTheForest\Player.cpp(233): warning C4715: 'Player::getPlayerClass': not all control paths return a value
  intoTheForest.vcxproj -> C:\Users\Alex\Documents\School\CIS-566\finalProject\intoTheForest\x64\Debug\intoTheForest.exe
