c:\users\alex\documents\school\cis-566\finalproject\intotheforest\intotheforest\x64\release\vc143.pdb
c:\users\alex\documents\school\cis-566\finalproject\intotheforest\intotheforest\x64\release\world.obj
c:\users\alex\documents\school\cis-566\finalproject\intotheforest\intotheforest\x64\release\vendor.obj
c:\users\alex\documents\school\cis-566\finalproject\intotheforest\intotheforest\x64\release\tile2c.obj
c:\users\alex\documents\school\cis-566\finalproject\intotheforest\intotheforest\x64\release\tile1c.obj
c:\users\alex\documents\school\cis-566\finalproject\intotheforest\intotheforest\x64\release\tile1b.obj
c:\users\alex\documents\school\cis-566\finalproject\intotheforest\intotheforest\x64\release\tile1a.obj
c:\users\alex\documents\school\cis-566\finalproject\intotheforest\intotheforest\x64\release\startingtile.obj
c:\users\alex\documents\school\cis-566\finalproject\intotheforest\intotheforest\x64\release\player.obj
c:\users\alex\documents\school\cis-566\finalproject\intotheforest\intotheforest\x64\release\noncutes.obj
c:\users\alex\documents\school\cis-566\finalproject\intotheforest\intotheforest\x64\release\logger.obj
c:\users\alex\documents\school\cis-566\finalproject\intotheforest\intotheforest\x64\release\intotheforest.obj
c:\users\alex\documents\school\cis-566\finalproject\intotheforest\intotheforest\x64\release\datamodule.obj
c:\users\alex\documents\school\cis-566\finalproject\intotheforest\intotheforest\x64\release\currenttile.obj
c:\users\alex\documents\school\cis-566\finalproject\intotheforest\intotheforest\x64\release\creature.obj
c:\users\alex\documents\school\cis-566\finalproject\intotheforest\intotheforest\x64\release\armorfactory.obj
c:\users\alex\documents\school\cis-566\finalproject\intotheforest\x64\release\intotheforest.exe
c:\users\alex\documents\school\cis-566\finalproject\intotheforest\intotheforest\x64\release\intotheforest.ipdb
c:\users\alex\documents\school\cis-566\finalproject\intotheforest\x64\release\intotheforest.pdb
c:\users\alex\documents\school\cis-566\finalproject\intotheforest\intotheforest\x64\release\intotheforest.iobj
c:\users\alex\documents\school\cis-566\finalproject\intotheforest\intotheforest\x64\release\intotheforest.tlog\cl.command.1.tlog
c:\users\alex\documents\school\cis-566\finalproject\intotheforest\intotheforest\x64\release\intotheforest.tlog\cl.items.tlog
c:\users\alex\documents\school\cis-566\finalproject\intotheforest\intotheforest\x64\release\intotheforest.tlog\cl.read.1.tlog
c:\users\alex\documents\school\cis-566\finalproject\intotheforest\intotheforest\x64\release\intotheforest.tlog\cl.write.1.tlog
c:\users\alex\documents\school\cis-566\finalproject\intotheforest\intotheforest\x64\release\intotheforest.tlog\link.command.1.tlog
c:\users\alex\documents\school\cis-566\finalproject\intotheforest\intotheforest\x64\release\intotheforest.tlog\link.read.1.tlog
c:\users\alex\documents\school\cis-566\finalproject\intotheforest\intotheforest\x64\release\intotheforest.tlog\link.write.1.tlog
