  ArmorFactory.cpp
  Creature.cpp
C:\Users\ascheuer\Desktop\Alex Stuff\My Docs\School\CIS-566\finalProject\intoTheForest\intoTheForest\Creature.cpp(18,27): warning C4101: 'e': unreferenced local variable
C:\Users\ascheuer\Desktop\Alex Stuff\My Docs\School\CIS-566\finalProject\intoTheForest\intoTheForest\Creature.cpp(31,27): warning C4101: 'e': unreferenced local variable
C:\Users\ascheuer\Desktop\Alex Stuff\My Docs\School\CIS-566\finalProject\intoTheForest\intoTheForest\Creature.cpp(44,27): warning C4101: 'e': unreferenced local variable
C:\Users\ascheuer\Desktop\Alex Stuff\My Docs\School\CIS-566\finalProject\intoTheForest\intoTheForest\Creature.cpp(59,19): warning C4244: 'initializing': conversion from '_Rep' to 'unsigned int', possible loss of data
          with
          [
              _Rep=std::chrono::system_clock::rep
          ]
  CurrentTile.cpp
  DataModule.cpp
  intoTheForest.cpp
  Logger.cpp
  NonCutes.cpp
  Player.cpp
C:\Users\ascheuer\Desktop\Alex Stuff\My Docs\School\CIS-566\finalProject\intoTheForest\intoTheForest\Player.cpp(116,16): warning C4244: 'return': conversion from 'float' to 'int', possible loss of data
C:\Users\ascheuer\Desktop\Alex Stuff\My Docs\School\CIS-566\finalProject\intoTheForest\intoTheForest\Player.cpp(124,20): warning C4244: '=': conversion from 'int' to 'float', possible loss of data
  StartingTile.cpp
  Tile1A.cpp
  Tile1B.cpp
  Tile1C.cpp
  Tile2C.cpp
  Vendor.cpp
  World.cpp
  Generating code
  Previous IPDB was built with incompatible compiler, fall back to full compilation.
C:\Users\ascheuer\Desktop\Alex Stuff\My Docs\School\CIS-566\finalProject\intoTheForest\intoTheForest\World.cpp(98): warning C4715: 'World::getNextMove': not all control paths return a value
C:\Users\ascheuer\Desktop\Alex Stuff\My Docs\School\CIS-566\finalProject\intoTheForest\intoTheForest\World.cpp(89): warning C4715: 'World::getNavigation': not all control paths return a value
C:\Users\ascheuer\Desktop\Alex Stuff\My Docs\School\CIS-566\finalProject\intoTheForest\intoTheForest\Player.cpp(74): warning C4715: 'Player::getNextMove': not all control paths return a value
C:\Users\ascheuer\Desktop\Alex Stuff\My Docs\School\CIS-566\finalProject\intoTheForest\intoTheForest\World.cpp(62): warning C4715: 'World::getCurrentTileName': not all control paths return a value
  All 711 functions were compiled because no usable IPDB/IOBJ from previous compilation was found.
  Finished generating code
  intoTheForest.vcxproj -> C:\Users\ascheuer\Desktop\Alex Stuff\My Docs\School\CIS-566\finalProject\intoTheForest\x64\Release\intoTheForest.exe
