19:48:42 2023-12-03  :  :New Run---------------------------------------------------------------------------------------------------------------------------------------------------------------
19:48:42 2023-12-03  :  :Classes loaded!
20:05:17 2023-12-03  :  :New Run---------------------------------------------------------------------------------------------------------------------------------------------------------------
20:05:17 2023-12-03  :  :Classes loaded!
20:05:44 2023-12-03  :  :New Run---------------------------------------------------------------------------------------------------------------------------------------------------------------
20:05:44 2023-12-03  :  :Classes loaded!
20:06:33 2023-12-03  :  :New Run---------------------------------------------------------------------------------------------------------------------------------------------------------------
20:06:33 2023-12-03  :  :Classes loaded!
20:06:46 2023-12-03  :  :New Run---------------------------------------------------------------------------------------------------------------------------------------------------------------
20:06:46 2023-12-03  :  :Classes loaded!
20:06:52 2023-12-03  :  :New Run---------------------------------------------------------------------------------------------------------------------------------------------------------------
20:06:52 2023-12-03  :  :Classes loaded!
20:09:59 2023-12-03  :  :User has chosen: leave
20:10:03 2023-12-03  :  :User has chosen: go left
20:10:05 2023-12-03  :  :User has chosen: wait
20:10:13 2023-12-03  :  :User has chosen: approach
20:10:14 2023-12-03  :  :User has chosen: buy
20:10:17 2023-12-03  :  :User has chosen: pickaxe
20:13:09 2023-12-03  :  :New Run---------------------------------------------------------------------------------------------------------------------------------------------------------------
20:13:09 2023-12-03  :  :Classes loaded!
20:15:30 2023-12-03  :  :User has chosen: leave
20:15:34 2023-12-03  :  :User has chosen: go right
20:15:40 2023-12-03  :  :User has chosen: leave
20:15:44 2023-12-03  :  :User has chosen: go back
20:15:58 2023-12-03  :  :User has chosen: leave
20:16:00 2023-12-03  :  :User has chosen: go left
20:16:04 2023-12-03  :  :User has chosen: wait
20:16:10 2023-12-03  :  :User has chosen: approach
20:16:13 2023-12-03  :  :User has chosen: buy
20:16:17 2023-12-03  :  :User has chosen: pickaxe
20:16:20 2023-12-03  :  :User has chosen: leave
20:16:22 2023-12-03  :  :User has chosen: leave
20:16:23 2023-12-03  :  :User has chosen: go back
20:16:26 2023-12-03  :  :User has chosen: leave
20:16:28 2023-12-03  :  :User has chosen: go straight
20:16:34 2023-12-03  :  :User has chosen: interact
20:16:37 2023-12-03  :  :User has chosen: flee
20:16:41 2023-12-03  :  :User has chosen: interact
20:16:44 2023-12-03  :  :User has chosen: fight
20:16:46 2023-12-03  :  :User has chosen: attack
20:16:48 2023-12-03  :  :User has chosen: attack
20:16:49 2023-12-03  :  :User has chosen: attack
20:16:51 2023-12-03  :  :User has chosen: attack
20:16:53 2023-12-03  :  :User has chosen: attack
20:16:56 2023-12-03  :  :User has chosen: attack
20:16:58 2023-12-03  :  :User has chosen: attack
20:17:01 2023-12-03  :  :User has chosen: examine
20:17:02 2023-12-03  :  :User has chosen: skin
20:17:04 2023-12-03  :  :User has chosen: examine
20:17:08 2023-12-03  :  :User has chosen: leave
20:17:10 2023-12-03  :  :User has chosen: go back
20:17:12 2023-12-03  :  :User has chosen: leave
20:17:14 2023-12-03  :  :User has chosen: go left
20:17:16 2023-12-03  :  :User has chosen: approach
20:17:18 2023-12-03  :  :User has chosen: sell
20:17:21 2023-12-03  :  :User has chosen: animal skin
20:20:28 2023-12-03  :  :New Run---------------------------------------------------------------------------------------------------------------------------------------------------------------
20:20:28 2023-12-03  :  :Classes loaded!
20:20:41 2023-12-03  :  :User has chosen: leave
20:20:44 2023-12-03  :  :User has chosen: go right
20:20:48 2023-12-03  :  :User has chosen: wait
20:20:51 2023-12-03  :  :User has chosen: leave
20:20:54 2023-12-03  :  :User has chosen: go back
20:20:57 2023-12-03  :  :User has chosen: leave
20:20:59 2023-12-03  :  :User has chosen: go left
20:21:02 2023-12-03  :  :User has chosen: approach
20:21:06 2023-12-03  :  :User has chosen: buy
20:21:09 2023-12-03  :  :User has chosen: pickaxe
20:21:12 2023-12-03  :  :User has chosen: leave
20:21:14 2023-12-03  :  :User has chosen: leave
20:21:16 2023-12-03  :  :User has chosen: go back
20:21:18 2023-12-03  :  :User has chosen: leave
20:21:20 2023-12-03  :  :User has chosen: go straight
20:21:23 2023-12-03  :  :User has chosen: interact
20:21:24 2023-12-03  :  :User has chosen: flee
20:21:27 2023-12-03  :  :User has chosen: interact
20:21:29 2023-12-03  :  :User has chosen: fight
20:21:30 2023-12-03  :  :User has chosen: attack
20:21:31 2023-12-03  :  :User has chosen: attack
20:21:32 2023-12-03  :  :User has chosen: attack
20:21:33 2023-12-03  :  :User has chosen: attack
20:21:34 2023-12-03  :  :User has chosen: attack
20:21:36 2023-12-03  :  :User has chosen: examine
20:21:38 2023-12-03  :  :User has chosen: skin
20:21:39 2023-12-03  :  :User has chosen: examine
20:21:42 2023-12-03  :  :User has chosen: leave
20:21:43 2023-12-03  :  :User has chosen: go back
20:21:46 2023-12-03  :  :User has chosen: leave
20:21:47 2023-12-03  :  :User has chosen: go left
20:21:50 2023-12-03  :  :User has chosen: approach
20:21:51 2023-12-03  :  :User has chosen: sell
20:21:53 2023-12-03  :  :User has chosen: animal skin
20:29:45 2023-12-03  :  :New Run---------------------------------------------------------------------------------------------------------------------------------------------------------------
20:29:45 2023-12-03  :  :Classes loaded!
20:30:42 2023-12-03  :  :User has chosen: wait
20:36:00 2023-12-03  :  :User has chosen: leave
20:36:02 2023-12-03  :  :User has chosen: go right
20:36:10 2023-12-03  :  :User has chosen: leave
20:36:12 2023-12-03  :  :User has chosen: go back
20:36:14 2023-12-03  :  :User has chosen: leave
20:36:15 2023-12-03  :  :User has chosen: go left
20:36:21 2023-12-03  :  :User has chosen: approach
20:36:23 2023-12-03  :  :User has chosen: buy
20:36:25 2023-12-03  :  :User has chosen: pickaxe
20:36:30 2023-12-03  :  :User has chosen: leave
20:36:33 2023-12-03  :  :User has chosen: leave
20:36:36 2023-12-03  :  :User has chosen: go back
20:36:39 2023-12-03  :  :User has chosen: leave
20:36:42 2023-12-03  :  :User has chosen: go straight
20:36:48 2023-12-03  :  :User has chosen: interact
20:36:52 2023-12-03  :  :User has chosen: flee
20:36:54 2023-12-03  :  :User has chosen: interact
20:36:55 2023-12-03  :  :User has chosen: fight
20:36:56 2023-12-03  :  :User has chosen: attack
20:36:58 2023-12-03  :  :User has chosen: attack
20:36:59 2023-12-03  :  :User has chosen: attack
20:37:00 2023-12-03  :  :User has chosen: attack
20:37:00 2023-12-03  :  :User has chosen: attack
20:37:03 2023-12-03  :  :User has chosen: examine
20:37:05 2023-12-03  :  :User has chosen: skin
20:37:06 2023-12-03  :  :User has chosen: examine
20:37:08 2023-12-03  :  :User has chosen: leave
20:37:10 2023-12-03  :  :User has chosen: go back
20:37:12 2023-12-03  :  :User has chosen: inventory
20:37:14 2023-12-03  :  :User has chosen: close
20:37:17 2023-12-03  :  :User has chosen: leave
20:37:18 2023-12-03  :  :User has chosen: go left
20:37:21 2023-12-03  :  :User has chosen: approach
20:37:22 2023-12-03  :  :User has chosen: sell
20:37:25 2023-12-03  :  :User has chosen: animal skin
20:37:55 2023-12-03  :  :User has chosen: leave
20:37:57 2023-12-03  :  :User has chosen: approach
20:37:58 2023-12-03  :  :User has chosen: buy
20:38:03 2023-12-03  :  :User has chosen: pickaxe
20:38:04 2023-12-03  :  :User has chosen: leave
20:38:06 2023-12-03  :  :User has chosen: leave
20:38:07 2023-12-03  :  :User has chosen: go back
20:38:09 2023-12-03  :  :User has chosen: leave
20:38:11 2023-12-03  :  :User has chosen: go right
20:38:12 2023-12-03  :  :User has chosen: leave
20:38:30 2023-12-03  :  :User has chosen: go straight
20:39:35 2023-12-03  :  :User has chosen: inventory
20:39:39 2023-12-03  :  :User has chosen: close
20:39:42 2023-12-03  :  :User has chosen: use pickaxe
20:40:57 2023-12-03  :  :User has chosen: leave
20:40:59 2023-12-03  :  :User has chosen: go straight
20:41:06 2023-12-03  :  :User has chosen: interact
20:41:08 2023-12-03  :  :User has chosen: attack
20:41:10 2023-12-03  :  :User has chosen: attack
20:41:14 2023-12-03  :  :User has chosen: atttack
20:41:22 2023-12-03  :  :User has chosen: attack
20:41:24 2023-12-03  :  :User has chosen: attack
20:41:26 2023-12-03  :  :User has chosen: attack
20:41:27 2023-12-03  :  :User has chosen: attack
20:41:28 2023-12-03  :  :User has chosen: attack
20:41:29 2023-12-03  :  :User has chosen: attack
20:41:32 2023-12-03  :  :User has chosen: attack
20:41:33 2023-12-03  :  :User has chosen: attack
20:41:33 2023-12-03  :  :User has chosen: attack
20:41:34 2023-12-03  :  :User has chosen: attack
20:41:35 2023-12-03  :  :User has chosen: attack
20:41:36 2023-12-03  :  :User has chosen: attack
20:41:37 2023-12-03  :  :User has chosen: attack
20:41:38 2023-12-03  :  :User has chosen: attack
20:41:40 2023-12-03  :  :User has chosen: attack
20:47:35 2023-12-03  :  :New Run---------------------------------------------------------------------------------------------------------------------------------------------------------------
20:47:35 2023-12-03  :  :Classes loaded!
